2025-05-19 20:34:40,992 [INFO] Inizio training
2025-05-19 20:34:44,602 [INFO]  Epoch |   Total Loss |    Bulk loss | Initial Loss | Initial Loss |  Boundary Loss
2025-05-19 20:34:44,602 [INFO] ----------------------------------------------------------------
2025-05-19 20:34:44,602 [INFO] Step 1/1, Using 2943 points
2025-05-19 20:34:48,973 [INFO]    100 |     0.069949 |     0.002667 |     0.065758 |     0.001018 |       0.000506
2025-05-19 20:34:52,955 [INFO]    200 |     0.063287 |     0.004734 |     0.057665 |     0.000610 |       0.000278
2025-05-19 20:34:57,279 [INFO]    300 |     0.061248 |     0.005637 |     0.055372 |     0.000113 |       0.000126
2025-05-19 20:35:01,688 [INFO]    400 |     0.060638 |     0.005955 |     0.054429 |     0.000136 |       0.000118
2025-05-19 20:35:05,495 [INFO]    500 |     0.060265 |     0.005959 |     0.053982 |     0.000181 |       0.000143
2025-05-19 20:35:09,517 [INFO]    600 |     0.059950 |     0.005944 |     0.053631 |     0.000208 |       0.000167
2025-05-19 20:35:13,321 [INFO]    700 |     0.059676 |     0.005873 |     0.053370 |     0.000221 |       0.000213
2025-05-19 20:35:17,232 [INFO]    800 |     0.059261 |     0.005720 |     0.053039 |     0.000240 |       0.000263
2025-05-19 20:35:21,159 [INFO]    900 |     0.057984 |     0.005518 |     0.051918 |     0.000274 |       0.000274
2025-05-19 20:35:25,235 [INFO]   1000 |     0.055414 |     0.005269 |     0.049154 |     0.000608 |       0.000383
2025-05-19 20:35:29,287 [INFO]   1100 |     0.053200 |     0.005261 |     0.046212 |     0.001029 |       0.000698
2025-05-19 20:35:33,372 [INFO]   1200 |     0.050902 |     0.004650 |     0.044415 |     0.000797 |       0.001040
2025-05-19 20:35:37,495 [INFO]   1300 |     0.046904 |     0.004357 |     0.040668 |     0.000685 |       0.001193
2025-05-19 20:35:41,391 [INFO]   1400 |     0.039948 |     0.004678 |     0.033536 |     0.000510 |       0.001225
2025-05-19 20:35:45,308 [INFO]   1500 |     0.030389 |     0.004749 |     0.022437 |     0.001506 |       0.001696
2025-05-19 20:35:49,255 [INFO]   1600 |     0.023671 |     0.004650 |     0.015542 |     0.001258 |       0.002221
2025-05-19 20:35:53,195 [INFO]   1700 |     0.017310 |     0.003814 |     0.010025 |     0.000681 |       0.002790
2025-05-19 20:35:57,167 [INFO]   1800 |     0.013084 |     0.003144 |     0.006161 |     0.000370 |       0.003408
2025-05-19 20:36:01,235 [INFO]   1900 |     0.010452 |     0.002547 |     0.003909 |     0.000147 |       0.003848
2025-05-19 20:36:05,336 [INFO]   2000 |     0.008956 |     0.002044 |     0.002670 |     0.000077 |       0.004165
2025-05-19 20:36:09,499 [INFO]   2100 |     0.008128 |     0.001720 |     0.001983 |     0.000059 |       0.004367
2025-05-19 20:36:13,472 [INFO]   2200 |     0.007649 |     0.001501 |     0.001573 |     0.000059 |       0.004516
2025-05-19 20:36:17,400 [INFO]   2300 |     0.007290 |     0.001359 |     0.001313 |     0.000043 |       0.004575
2025-05-19 20:36:21,331 [INFO]   2400 |     0.007044 |     0.001245 |     0.001137 |     0.000038 |       0.004624
2025-05-19 20:36:25,367 [INFO]   2500 |     0.006861 |     0.001163 |     0.001016 |     0.000033 |       0.004649
2025-05-19 20:36:29,278 [INFO]   2600 |     0.006728 |     0.001106 |     0.000936 |     0.000029 |       0.004657
2025-05-19 20:36:33,429 [INFO]   2700 |     0.006665 |     0.001081 |     0.000896 |     0.000027 |       0.004661
2025-05-19 20:36:37,418 [INFO]   2800 |     0.006604 |     0.001057 |     0.000861 |     0.000025 |       0.004660
2025-05-19 20:36:41,379 [INFO]   2900 |     0.006547 |     0.001036 |     0.000830 |     0.000023 |       0.004658
2025-05-19 20:36:45,474 [INFO]   3000 |     0.006493 |     0.001016 |     0.000802 |     0.000021 |       0.004653
2025-05-19 20:36:49,386 [INFO]   3100 |     0.006441 |     0.000998 |     0.000777 |     0.000020 |       0.004647
2025-05-19 20:36:53,277 [INFO]   3200 |     0.006392 |     0.000982 |     0.000753 |     0.000018 |       0.004638
2025-05-19 20:36:57,153 [INFO]   3300 |     0.006346 |     0.000968 |     0.000732 |     0.000017 |       0.004628
2025-05-19 20:37:01,117 [INFO]   3400 |     0.006301 |     0.000955 |     0.000713 |     0.000016 |       0.004616
2025-05-19 20:37:05,210 [INFO]   3500 |     0.006258 |     0.000943 |     0.000696 |     0.000015 |       0.004603
2025-05-19 20:37:09,311 [INFO]   3600 |     0.006217 |     0.000932 |     0.000681 |     0.000014 |       0.004590
2025-05-19 20:37:13,952 [INFO]   3700 |     0.006177 |     0.000921 |     0.000667 |     0.000014 |       0.004575
2025-05-19 20:37:19,270 [INFO]   3800 |     0.006174 |     0.000915 |     0.000657 |     0.000047 |       0.004555
2025-05-19 20:37:24,074 [INFO]   3900 |     0.006103 |     0.000902 |     0.000643 |     0.000013 |       0.004544
2025-05-19 20:37:28,998 [INFO]   4000 |     0.006068 |     0.000893 |     0.000633 |     0.000012 |       0.004529
2025-05-19 20:37:33,699 [INFO]   4100 |     0.006047 |     0.000888 |     0.000628 |     0.000012 |       0.004519
2025-05-19 20:37:38,249 [INFO]   4200 |     0.006031 |     0.000884 |     0.000623 |     0.000012 |       0.004512
2025-05-19 20:37:42,945 [INFO]   4300 |     0.006015 |     0.000880 |     0.000619 |     0.000012 |       0.004504
2025-05-19 20:37:47,533 [INFO]   4400 |     0.005999 |     0.000876 |     0.000615 |     0.000012 |       0.004496
2025-05-19 20:37:52,153 [INFO]   4500 |     0.005983 |     0.000872 |     0.000612 |     0.000011 |       0.004488
2025-05-19 20:37:56,715 [INFO]   4600 |     0.005967 |     0.000868 |     0.000608 |     0.000011 |       0.004479
2025-05-19 20:38:01,387 [INFO]   4700 |     0.005950 |     0.000864 |     0.000604 |     0.000011 |       0.004470
2025-05-19 20:38:05,953 [INFO]   4800 |     0.005933 |     0.000860 |     0.000601 |     0.000011 |       0.004461
2025-05-19 20:38:10,649 [INFO]   4900 |     0.005915 |     0.000856 |     0.000597 |     0.000010 |       0.004452
2025-05-19 20:38:15,326 [INFO]   5000 |     0.005897 |     0.000851 |     0.000593 |     0.000010 |       0.004443
2025-05-19 20:38:19,892 [INFO]   5100 |     0.005878 |     0.000846 |     0.000590 |     0.000010 |       0.004433
2025-05-19 20:38:24,488 [INFO]   5200 |     0.005859 |     0.000840 |     0.000586 |     0.000009 |       0.004423
2025-05-19 20:38:29,157 [INFO]   5300 |     0.005838 |     0.000835 |     0.000582 |     0.000009 |       0.004413
2025-05-19 20:38:33,806 [INFO]   5400 |     0.005817 |     0.000828 |     0.000578 |     0.000008 |       0.004402
2025-05-19 20:38:38,419 [INFO]   5500 |     0.005796 |     0.000822 |     0.000575 |     0.000008 |       0.004391
2025-05-19 20:38:42,995 [INFO]   5600 |     0.005774 |     0.000816 |     0.000571 |     0.000008 |       0.004380
2025-05-19 20:38:47,631 [INFO]   5700 |     0.005752 |     0.000809 |     0.000567 |     0.000007 |       0.004368
2025-05-19 20:38:52,167 [INFO]   5800 |     0.005730 |     0.000803 |     0.000563 |     0.000007 |       0.004356
2025-05-19 20:38:56,782 [INFO]   5900 |     0.005712 |     0.000798 |     0.000560 |     0.000007 |       0.004347
2025-05-19 20:39:01,425 [INFO]   6000 |     0.005700 |     0.000795 |     0.000558 |     0.000007 |       0.004341
2025-05-19 20:39:05,965 [INFO]   6100 |     0.005689 |     0.000792 |     0.000556 |     0.000006 |       0.004334
2025-05-19 20:39:10,610 [INFO]   6200 |     0.005676 |     0.000788 |     0.000554 |     0.000006 |       0.004327
2025-05-19 20:39:15,161 [INFO]   6300 |     0.005664 |     0.000785 |     0.000552 |     0.000006 |       0.004320
2025-05-19 20:39:19,781 [INFO]   6400 |     0.005651 |     0.000782 |     0.000550 |     0.000006 |       0.004313
2025-05-19 20:39:24,381 [INFO]   6500 |     0.005637 |     0.000778 |     0.000548 |     0.000006 |       0.004305
2025-05-19 20:39:28,932 [INFO]   6600 |     0.005623 |     0.000774 |     0.000546 |     0.000006 |       0.004297
2025-05-19 20:39:33,486 [INFO]   6700 |     0.005608 |     0.000771 |     0.000543 |     0.000006 |       0.004289
2025-05-19 20:39:38,062 [INFO]   6800 |     0.005593 |     0.000767 |     0.000541 |     0.000006 |       0.004280
2025-05-19 20:39:42,650 [INFO]   6900 |     0.005578 |     0.000763 |     0.000538 |     0.000005 |       0.004271
2025-05-19 20:39:47,232 [INFO]   7000 |     0.005562 |     0.000760 |     0.000535 |     0.000005 |       0.004261
2025-05-19 20:39:51,869 [INFO]   7100 |     0.005546 |     0.000756 |     0.000533 |     0.000005 |       0.004251
2025-05-19 20:39:56,440 [INFO]   7200 |     0.005530 |     0.000753 |     0.000530 |     0.000005 |       0.004241
2025-05-19 20:40:01,118 [INFO]   7300 |     0.005513 |     0.000749 |     0.000527 |     0.000006 |       0.004232
2025-05-19 20:40:05,835 [INFO]   7400 |     0.005497 |     0.000747 |     0.000524 |     0.000005 |       0.004220
2025-05-19 20:40:10,325 [INFO]   7500 |     0.005483 |     0.000744 |     0.000521 |     0.000007 |       0.004210
2025-05-19 20:40:14,771 [INFO]   7600 |     0.005466 |     0.000743 |     0.000518 |     0.000006 |       0.004199
2025-05-19 20:40:19,155 [INFO]   7700 |     0.005451 |     0.000740 |     0.000515 |     0.000006 |       0.004190
2025-05-19 20:40:24,032 [INFO]   7800 |     0.005436 |     0.000739 |     0.000512 |     0.000006 |       0.004179
2025-05-19 20:40:28,826 [INFO]   7900 |     0.005421 |     0.000738 |     0.000509 |     0.000006 |       0.004168
2025-05-19 20:40:32,514 [INFO]   8000 |     0.005407 |     0.000737 |     0.000507 |     0.000006 |       0.004158
2025-05-19 20:40:36,513 [INFO]   8100 |     0.005393 |     0.000736 |     0.000504 |     0.000006 |       0.004147
2025-05-19 20:40:40,426 [INFO]   8200 |     0.005379 |     0.000735 |     0.000501 |     0.000006 |       0.004136
2025-05-19 20:40:44,210 [INFO]   8300 |     0.005365 |     0.000735 |     0.000499 |     0.000006 |       0.004125
2025-05-19 20:40:48,016 [INFO]   8400 |     0.005351 |     0.000735 |     0.000496 |     0.000006 |       0.004115
2025-05-19 20:40:51,890 [INFO]   8500 |     0.005338 |     0.000734 |     0.000493 |     0.000006 |       0.004104
2025-05-19 20:40:55,696 [INFO]   8600 |     0.005324 |     0.000733 |     0.000491 |     0.000006 |       0.004094
2025-05-19 20:40:59,556 [INFO]   8700 |     0.005310 |     0.000734 |     0.000488 |     0.000007 |       0.004081
2025-05-19 20:41:03,392 [INFO]   8800 |     0.005296 |     0.000734 |     0.000486 |     0.000007 |       0.004069
2025-05-19 20:41:07,217 [INFO]   8900 |     0.005282 |     0.000734 |     0.000483 |     0.000007 |       0.004058
2025-05-19 20:41:11,410 [INFO]   9000 |     0.005268 |     0.000734 |     0.000481 |     0.000007 |       0.004046
2025-05-19 20:41:15,237 [INFO]   9100 |     0.005254 |     0.000734 |     0.000478 |     0.000006 |       0.004035
2025-05-19 20:41:19,016 [INFO]   9200 |     0.005239 |     0.000734 |     0.000476 |     0.000007 |       0.004021
2025-05-19 20:41:22,782 [INFO]   9300 |     0.005224 |     0.000734 |     0.000474 |     0.000007 |       0.004009
2025-05-19 20:41:26,550 [INFO]   9400 |     0.005208 |     0.000734 |     0.000471 |     0.000007 |       0.003995
2025-05-19 20:41:30,343 [INFO]   9500 |     0.005193 |     0.000734 |     0.000469 |     0.000007 |       0.003983
2025-05-19 20:41:34,258 [INFO]   9600 |     0.005178 |     0.000733 |     0.000467 |     0.000007 |       0.003970
2025-05-19 20:41:38,290 [INFO]   9700 |     0.005161 |     0.000735 |     0.000464 |     0.000008 |       0.003954
2025-05-19 20:41:42,071 [INFO]   9800 |     0.005146 |     0.000734 |     0.000462 |     0.000008 |       0.003942
2025-05-19 20:41:45,981 [INFO]   9900 |     0.005129 |     0.000735 |     0.000460 |     0.000008 |       0.003926
2025-05-19 20:41:49,749 [INFO]  10000 |     0.005114 |     0.000734 |     0.000458 |     0.000007 |       0.003915
2025-05-19 20:41:53,464 [INFO]  10100 |     0.005096 |     0.000736 |     0.000455 |     0.000008 |       0.003897
2025-05-19 20:41:57,160 [INFO]  10200 |     0.005080 |     0.000736 |     0.000453 |     0.000008 |       0.003883
2025-05-19 20:42:00,901 [INFO]  10300 |     0.005063 |     0.000738 |     0.000451 |     0.000009 |       0.003866
2025-05-19 20:42:04,719 [INFO]  10400 |     0.005046 |     0.000739 |     0.000448 |     0.000008 |       0.003851
2025-05-19 20:42:08,571 [INFO]  10500 |     0.005029 |     0.000740 |     0.000445 |     0.000008 |       0.003836
2025-05-19 20:42:12,482 [INFO]  10600 |     0.005014 |     0.000739 |     0.000444 |     0.000009 |       0.003821
2025-05-19 20:42:16,287 [INFO]  10700 |     0.004995 |     0.000742 |     0.000440 |     0.000008 |       0.003804
2025-05-19 20:42:20,004 [INFO]  10800 |     0.004978 |     0.000744 |     0.000438 |     0.000010 |       0.003786
2025-05-19 20:42:23,779 [INFO]  10900 |     0.004959 |     0.000744 |     0.000435 |     0.000008 |       0.003771
2025-05-19 20:42:27,531 [INFO]  11000 |     0.004941 |     0.000745 |     0.000433 |     0.000009 |       0.003755
2025-05-19 20:42:31,387 [INFO]  11100 |     0.004924 |     0.000747 |     0.000430 |     0.000009 |       0.003738
2025-05-19 20:42:35,231 [INFO]  11200 |     0.004905 |     0.000747 |     0.000428 |     0.000009 |       0.003722
2025-05-19 20:42:39,035 [INFO]  11300 |     0.004886 |     0.000748 |     0.000425 |     0.000009 |       0.003704
2025-05-19 20:42:42,832 [INFO]  11400 |     0.004866 |     0.000749 |     0.000422 |     0.000008 |       0.003687
2025-05-19 20:42:46,822 [INFO]  11500 |     0.004848 |     0.000749 |     0.000419 |     0.000009 |       0.003670
2025-05-19 20:42:50,684 [INFO]  11600 |     0.004827 |     0.000750 |     0.000417 |     0.000009 |       0.003652
2025-05-19 20:42:54,422 [INFO]  11700 |     0.004808 |     0.000750 |     0.000415 |     0.000009 |       0.003634
2025-05-19 20:42:58,182 [INFO]  11800 |     0.004786 |     0.000750 |     0.000412 |     0.000008 |       0.003616
2025-05-19 20:43:02,091 [INFO]  11900 |     0.004765 |     0.000749 |     0.000409 |     0.000008 |       0.003599
2025-05-19 20:43:05,878 [INFO]  12000 |     0.004743 |     0.000749 |     0.000406 |     0.000008 |       0.003580
2025-05-19 20:43:10,163 [INFO]  12100 |     0.004721 |     0.000748 |     0.000404 |     0.000008 |       0.003561
2025-05-19 20:43:13,871 [INFO]  12200 |     0.004700 |     0.000747 |     0.000400 |     0.000010 |       0.003544
2025-05-19 20:43:17,652 [INFO]  12300 |     0.004675 |     0.000745 |     0.000398 |     0.000008 |       0.003524
2025-05-19 20:43:21,306 [INFO]  12400 |     0.004651 |     0.000743 |     0.000395 |     0.000008 |       0.003505
2025-05-19 20:43:25,133 [INFO]  12500 |     0.004626 |     0.000741 |     0.000392 |     0.000008 |       0.003485
2025-05-19 20:43:28,834 [INFO]  12600 |     0.004600 |     0.000738 |     0.000390 |     0.000008 |       0.003465
2025-05-19 20:43:32,765 [INFO]  12700 |     0.004573 |     0.000734 |     0.000387 |     0.000007 |       0.003444
2025-05-19 20:43:36,509 [INFO]  12800 |     0.004545 |     0.000731 |     0.000384 |     0.000008 |       0.003423
2025-05-19 20:43:40,290 [INFO]  12900 |     0.004516 |     0.000726 |     0.000381 |     0.000007 |       0.003401
2025-05-19 20:43:44,063 [INFO]  13000 |     0.004485 |     0.000722 |     0.000378 |     0.000007 |       0.003378
2025-05-19 20:43:47,868 [INFO]  13100 |     0.004455 |     0.000717 |     0.000375 |     0.000011 |       0.003353
2025-05-19 20:43:51,638 [INFO]  13200 |     0.004417 |     0.000711 |     0.000372 |     0.000007 |       0.003327
2025-05-19 20:43:55,180 [INFO]  13300 |     0.004380 |     0.000706 |     0.000368 |     0.000007 |       0.003300
2025-05-19 20:43:59,406 [INFO]  13400 |     0.004341 |     0.000699 |     0.000365 |     0.000006 |       0.003270
2025-05-19 20:44:04,186 [INFO]  13500 |     0.004300 |     0.000693 |     0.000362 |     0.000006 |       0.003240
2025-05-19 20:44:09,173 [INFO]  13600 |     0.004258 |     0.000685 |     0.000357 |     0.000006 |       0.003209
2025-05-19 20:44:13,825 [INFO]  13700 |     0.004214 |     0.000677 |     0.000354 |     0.000006 |       0.003177
2025-05-19 20:44:18,885 [INFO]  13800 |     0.004171 |     0.000669 |     0.000349 |     0.000007 |       0.003145
2025-05-19 20:44:23,933 [INFO]  13900 |     0.004124 |     0.000661 |     0.000345 |     0.000007 |       0.003111
2025-05-19 20:44:28,369 [INFO]  14000 |     0.004078 |     0.000653 |     0.000340 |     0.000005 |       0.003079
2025-05-19 20:44:32,581 [INFO]  14100 |     0.004032 |     0.000644 |     0.000336 |     0.000005 |       0.003048
2025-05-19 20:44:36,758 [INFO]  14200 |     0.003987 |     0.000636 |     0.000331 |     0.000005 |       0.003016
2025-05-19 20:44:40,999 [INFO]  14300 |     0.003947 |     0.000627 |     0.000326 |     0.000008 |       0.002986
2025-05-19 20:44:45,119 [INFO]  14400 |     0.003900 |     0.000619 |     0.000321 |     0.000005 |       0.002956
2025-05-19 20:44:49,253 [INFO]  14500 |     0.003857 |     0.000610 |     0.000316 |     0.000005 |       0.002927
2025-05-19 20:44:53,880 [INFO]  14600 |     0.003816 |     0.000601 |     0.000311 |     0.000005 |       0.002899
2025-05-19 20:44:58,955 [INFO]  14700 |     0.003776 |     0.000593 |     0.000306 |     0.000005 |       0.002872
2025-05-19 20:45:03,068 [INFO]  14800 |     0.003736 |     0.000584 |     0.000301 |     0.000005 |       0.002846
2025-05-19 20:45:07,017 [INFO]  14900 |     0.003698 |     0.000575 |     0.000296 |     0.000004 |       0.002823
2025-05-19 20:45:11,014 [INFO]  15000 |     0.003663 |     0.000567 |     0.000291 |     0.000006 |       0.002800
2025-05-19 20:45:14,955 [INFO]  15100 |     0.003629 |     0.000558 |     0.000286 |     0.000006 |       0.002779
2025-05-19 20:45:18,764 [INFO]  15200 |     0.003597 |     0.000550 |     0.000281 |     0.000008 |       0.002759
2025-05-19 20:45:22,539 [INFO]  15300 |     0.003562 |     0.000541 |     0.000276 |     0.000004 |       0.002740
2025-05-19 20:45:26,343 [INFO]  15400 |     0.003532 |     0.000533 |     0.000272 |     0.000004 |       0.002723
2025-05-19 20:45:30,144 [INFO]  15500 |     0.003503 |     0.000525 |     0.000267 |     0.000004 |       0.002707
2025-05-19 20:45:34,069 [INFO]  15600 |     0.003476 |     0.000517 |     0.000263 |     0.000004 |       0.002692
2025-05-19 20:45:37,559 [INFO]  15700 |     0.003450 |     0.000509 |     0.000259 |     0.000004 |       0.002678
2025-05-19 20:45:41,056 [INFO]  15800 |     0.003426 |     0.000502 |     0.000255 |     0.000004 |       0.002665
2025-05-19 20:45:45,141 [INFO]  15900 |     0.003403 |     0.000495 |     0.000251 |     0.000004 |       0.002653
2025-05-19 20:45:48,598 [INFO]  16000 |     0.003382 |     0.000489 |     0.000247 |     0.000004 |       0.002642
2025-05-19 20:45:52,259 [INFO]  16100 |     0.003362 |     0.000483 |     0.000244 |     0.000004 |       0.002631
2025-05-19 20:45:55,999 [INFO]  16200 |     0.003342 |     0.000477 |     0.000240 |     0.000004 |       0.002622
2025-05-19 20:45:59,551 [INFO]  16300 |     0.003324 |     0.000471 |     0.000237 |     0.000004 |       0.002612
2025-05-19 20:46:04,001 [INFO]  16400 |     0.003307 |     0.000466 |     0.000234 |     0.000004 |       0.002603
2025-05-19 20:46:09,029 [INFO]  16500 |     0.003290 |     0.000461 |     0.000230 |     0.000004 |       0.002595
2025-05-19 20:46:13,982 [INFO]  16600 |     0.003274 |     0.000456 |     0.000227 |     0.000004 |       0.002587
2025-05-19 20:46:18,462 [INFO]  16700 |     0.003262 |     0.000451 |     0.000225 |     0.000006 |       0.002580
2025-05-19 20:46:22,576 [INFO]  16800 |     0.003244 |     0.000447 |     0.000222 |     0.000003 |       0.002571
2025-05-19 20:46:26,486 [INFO]  16900 |     0.003230 |     0.000443 |     0.000220 |     0.000003 |       0.002564
2025-05-19 20:46:30,738 [INFO]  17000 |     0.003216 |     0.000438 |     0.000217 |     0.000003 |       0.002557
2025-05-19 20:46:35,781 [INFO]  17100 |     0.003202 |     0.000434 |     0.000215 |     0.000003 |       0.002550
2025-05-19 20:46:40,536 [INFO]  17200 |     0.003189 |     0.000430 |     0.000213 |     0.000003 |       0.002542
2025-05-19 20:46:44,532 [INFO]  17300 |     0.003176 |     0.000426 |     0.000211 |     0.000003 |       0.002535
2025-05-19 20:46:48,015 [INFO]  17400 |     0.003163 |     0.000422 |     0.000209 |     0.000003 |       0.002528
2025-05-19 20:46:51,440 [INFO]  17500 |     0.003150 |     0.000419 |     0.000207 |     0.000003 |       0.002521
2025-05-19 20:46:54,918 [INFO]  17600 |     0.003138 |     0.000415 |     0.000205 |     0.000003 |       0.002514
2025-05-19 20:46:58,410 [INFO]  17700 |     0.003126 |     0.000411 |     0.000204 |     0.000003 |       0.002507
2025-05-19 20:47:01,855 [INFO]  17800 |     0.003113 |     0.000408 |     0.000202 |     0.000003 |       0.002500
2025-05-19 20:47:05,317 [INFO]  17900 |     0.003104 |     0.000404 |     0.000201 |     0.000006 |       0.002494
2025-05-19 20:47:08,684 [INFO]  18000 |     0.003090 |     0.000402 |     0.000199 |     0.000003 |       0.002486
2025-05-19 20:47:12,135 [INFO]  18100 |     0.003079 |     0.000399 |     0.000197 |     0.000003 |       0.002480
2025-05-19 20:47:15,561 [INFO]  18200 |     0.003067 |     0.000396 |     0.000196 |     0.000003 |       0.002472
2025-05-19 20:47:18,980 [INFO]  18300 |     0.003056 |     0.000393 |     0.000194 |     0.000003 |       0.002465
2025-05-19 20:47:22,439 [INFO]  18400 |     0.003045 |     0.000391 |     0.000193 |     0.000003 |       0.002458
2025-05-19 20:47:25,865 [INFO]  18500 |     0.003034 |     0.000388 |     0.000192 |     0.000003 |       0.002452
2025-05-19 20:47:29,313 [INFO]  18600 |     0.003023 |     0.000386 |     0.000190 |     0.000003 |       0.002445
2025-05-19 20:47:33,386 [INFO]  18700 |     0.003013 |     0.000384 |     0.000189 |     0.000003 |       0.002438
2025-05-19 20:47:37,341 [INFO]  18800 |     0.003002 |     0.000381 |     0.000188 |     0.000003 |       0.002431
2025-05-19 20:47:41,258 [INFO]  18900 |     0.002992 |     0.000379 |     0.000186 |     0.000003 |       0.002424
2025-05-19 20:47:45,267 [INFO]  19000 |     0.002982 |     0.000378 |     0.000185 |     0.000002 |       0.002417
2025-05-19 20:47:49,201 [INFO]  19100 |     0.002972 |     0.000376 |     0.000184 |     0.000002 |       0.002410
2025-05-19 20:47:53,102 [INFO]  19200 |     0.002962 |     0.000374 |     0.000183 |     0.000003 |       0.002403
2025-05-19 20:47:56,992 [INFO]  19300 |     0.002953 |     0.000372 |     0.000182 |     0.000003 |       0.002396
2025-05-19 20:48:00,894 [INFO]  19400 |     0.002943 |     0.000371 |     0.000181 |     0.000003 |       0.002389
2025-05-19 20:48:04,661 [INFO]  19500 |     0.002934 |     0.000369 |     0.000180 |     0.000003 |       0.002382
2025-05-19 20:48:08,971 [INFO]  19600 |     0.002924 |     0.000368 |     0.000178 |     0.000002 |       0.002375
2025-05-19 20:48:12,905 [INFO]  19700 |     0.002914 |     0.000366 |     0.000177 |     0.000002 |       0.002368
2025-05-19 20:48:16,744 [INFO]  19800 |     0.002905 |     0.000365 |     0.000176 |     0.000002 |       0.002361
2025-05-19 20:48:20,497 [INFO]  19900 |     0.002898 |     0.000364 |     0.000175 |     0.000003 |       0.002356
2025-05-19 20:48:24,228 [INFO]  20000 |     0.002890 |     0.000363 |     0.000175 |     0.000002 |       0.002350
2025-05-19 20:48:27,929 [INFO]  20100 |     0.002885 |     0.000362 |     0.000174 |     0.000002 |       0.002347
2025-05-19 20:48:31,694 [INFO]  20200 |     0.002881 |     0.000361 |     0.000174 |     0.000002 |       0.002343
2025-05-19 20:48:35,556 [INFO]  20300 |     0.002875 |     0.000361 |     0.000173 |     0.000002 |       0.002339
2025-05-19 20:48:39,299 [INFO]  20400 |     0.002870 |     0.000360 |     0.000172 |     0.000002 |       0.002336
2025-05-19 20:48:43,055 [INFO]  20500 |     0.002865 |     0.000359 |     0.000172 |     0.000002 |       0.002331
2025-05-19 20:48:46,800 [INFO]  20600 |     0.002859 |     0.000358 |     0.000171 |     0.000002 |       0.002327
2025-05-19 20:48:50,519 [INFO]  20700 |     0.002853 |     0.000357 |     0.000171 |     0.000002 |       0.002323
2025-05-19 20:48:54,258 [INFO]  20800 |     0.002847 |     0.000356 |     0.000170 |     0.000002 |       0.002318
2025-05-19 20:48:57,949 [INFO]  20900 |     0.002840 |     0.000355 |     0.000169 |     0.000002 |       0.002313
2025-05-19 20:49:01,658 [INFO]  21000 |     0.002834 |     0.000354 |     0.000169 |     0.000002 |       0.002309
2025-05-19 20:49:05,213 [INFO]  21100 |     0.002827 |     0.000353 |     0.000168 |     0.000002 |       0.002303
2025-05-19 20:49:09,109 [INFO]  21200 |     0.002820 |     0.000352 |     0.000167 |     0.000002 |       0.002298
2025-05-19 20:49:13,006 [INFO]  21300 |     0.002812 |     0.000351 |     0.000167 |     0.000002 |       0.002292
2025-05-19 20:49:17,375 [INFO]  21400 |     0.002805 |     0.000350 |     0.000166 |     0.000002 |       0.002287
2025-05-19 20:49:21,305 [INFO]  21500 |     0.002797 |     0.000349 |     0.000165 |     0.000002 |       0.002281
2025-05-19 20:49:25,146 [INFO]  21600 |     0.002789 |     0.000347 |     0.000165 |     0.000002 |       0.002274
2025-05-19 20:49:28,977 [INFO]  21700 |     0.002781 |     0.000346 |     0.000164 |     0.000002 |       0.002268
2025-05-19 20:49:32,826 [INFO]  21800 |     0.002773 |     0.000345 |     0.000163 |     0.000002 |       0.002262
2025-05-19 20:49:36,668 [INFO]  21900 |     0.002765 |     0.000344 |     0.000162 |     0.000002 |       0.002256
2025-05-19 20:49:40,481 [INFO]  22000 |     0.002756 |     0.000343 |     0.000162 |     0.000002 |       0.002249
2025-05-19 20:49:44,227 [INFO]  22100 |     0.002747 |     0.000341 |     0.000161 |     0.000002 |       0.002242
2025-05-19 20:49:48,042 [INFO]  22200 |     0.002738 |     0.000340 |     0.000161 |     0.000002 |       0.002235
2025-05-19 20:49:51,815 [INFO]  22300 |     0.002730 |     0.000339 |     0.000160 |     0.000002 |       0.002228
2025-05-19 20:49:55,709 [INFO]  22400 |     0.002721 |     0.000338 |     0.000160 |     0.000002 |       0.002221
2025-05-19 20:49:59,523 [INFO]  22500 |     0.002711 |     0.000337 |     0.000159 |     0.000002 |       0.002213
2025-05-19 20:50:03,520 [INFO]  22600 |     0.002702 |     0.000336 |     0.000158 |     0.000002 |       0.002206
2025-05-19 20:50:07,399 [INFO]  22700 |     0.002692 |     0.000335 |     0.000157 |     0.000002 |       0.002198
2025-05-19 20:50:10,725 [INFO]  22800 |     0.002683 |     0.000334 |     0.000157 |     0.000002 |       0.002190
2025-05-19 20:50:14,588 [INFO]  22900 |     0.002673 |     0.000332 |     0.000156 |     0.000002 |       0.002182
2025-05-19 20:50:18,032 [INFO]  23000 |     0.002663 |     0.000331 |     0.000155 |     0.000002 |       0.002174
2025-05-19 20:50:21,535 [INFO]  23100 |     0.002653 |     0.000330 |     0.000155 |     0.000002 |       0.002165
2025-05-19 20:50:24,944 [INFO]  23200 |     0.002642 |     0.000329 |     0.000154 |     0.000002 |       0.002157
2025-05-19 20:50:28,443 [INFO]  23300 |     0.002632 |     0.000328 |     0.000153 |     0.000002 |       0.002148
2025-05-19 20:50:31,872 [INFO]  23400 |     0.002621 |     0.000327 |     0.000153 |     0.000002 |       0.002139
2025-05-19 20:50:35,313 [INFO]  23500 |     0.002610 |     0.000326 |     0.000152 |     0.000002 |       0.002130
2025-05-19 20:50:38,755 [INFO]  23600 |     0.002599 |     0.000325 |     0.000151 |     0.000002 |       0.002121
2025-05-19 20:50:42,231 [INFO]  23700 |     0.002587 |     0.000324 |     0.000151 |     0.000002 |       0.002111
2025-05-19 20:50:45,664 [INFO]  23800 |     0.002576 |     0.000322 |     0.000150 |     0.000002 |       0.002101
2025-05-19 20:50:49,134 [INFO]  23900 |     0.002564 |     0.000321 |     0.000149 |     0.000002 |       0.002091
2025-05-19 20:50:52,583 [INFO]  24000 |     0.002552 |     0.000320 |     0.000148 |     0.000002 |       0.002081
2025-05-19 20:50:55,998 [INFO]  24100 |     0.002540 |     0.000319 |     0.000148 |     0.000002 |       0.002071
2025-05-19 20:50:59,413 [INFO]  24200 |     0.002527 |     0.000318 |     0.000147 |     0.000002 |       0.002060
2025-05-19 20:51:03,028 [INFO]  24300 |     0.002514 |     0.000317 |     0.000146 |     0.000002 |       0.002049
2025-05-19 20:51:06,932 [INFO]  24400 |     0.002501 |     0.000315 |     0.000145 |     0.000002 |       0.002038
2025-05-19 20:51:10,581 [INFO]  24500 |     0.002488 |     0.000314 |     0.000145 |     0.000002 |       0.002027
2025-05-19 20:51:14,250 [INFO]  24600 |     0.002474 |     0.000313 |     0.000144 |     0.000002 |       0.002015
2025-05-19 20:51:17,865 [INFO]  24700 |     0.002460 |     0.000312 |     0.000143 |     0.000002 |       0.002003
2025-05-19 20:51:21,416 [INFO]  24800 |     0.002446 |     0.000311 |     0.000142 |     0.000002 |       0.001991
2025-05-19 20:51:24,933 [INFO]  24900 |     0.002432 |     0.000310 |     0.000141 |     0.000002 |       0.001979
2025-05-19 20:51:28,336 [INFO]  25000 |     0.002417 |     0.000308 |     0.000141 |     0.000002 |       0.001966
2025-05-19 20:51:31,776 [INFO]  25100 |     0.002402 |     0.000307 |     0.000140 |     0.000002 |       0.001953
2025-05-19 20:51:35,204 [INFO]  25200 |     0.002387 |     0.000306 |     0.000139 |     0.000002 |       0.001940
2025-05-19 20:51:38,643 [INFO]  25300 |     0.002371 |     0.000304 |     0.000138 |     0.000002 |       0.001927
2025-05-19 20:51:42,058 [INFO]  25400 |     0.002355 |     0.000303 |     0.000137 |     0.000002 |       0.001913
2025-05-19 20:51:45,598 [INFO]  25500 |     0.002339 |     0.000302 |     0.000136 |     0.000002 |       0.001900
2025-05-19 20:51:49,246 [INFO]  25600 |     0.002323 |     0.000300 |     0.000135 |     0.000002 |       0.001886
2025-05-19 20:51:53,389 [INFO]  25700 |     0.002308 |     0.000299 |     0.000134 |     0.000003 |       0.001872
2025-05-19 20:51:58,059 [INFO]  25800 |     0.002291 |     0.000297 |     0.000133 |     0.000002 |       0.001858
2025-05-19 20:52:03,099 [INFO]  25900 |     0.002274 |     0.000296 |     0.000132 |     0.000002 |       0.001844
2025-05-19 20:52:07,725 [INFO]  26000 |     0.002257 |     0.000294 |     0.000131 |     0.000002 |       0.001830
2025-05-19 20:52:12,357 [INFO]  26100 |     0.002240 |     0.000293 |     0.000130 |     0.000002 |       0.001815
2025-05-19 20:52:16,817 [INFO]  26200 |     0.002223 |     0.000291 |     0.000129 |     0.000002 |       0.001800
2025-05-19 20:52:21,646 [INFO]  26300 |     0.002207 |     0.000290 |     0.000128 |     0.000003 |       0.001785
2025-05-19 20:52:26,469 [INFO]  26400 |     0.002188 |     0.000288 |     0.000127 |     0.000002 |       0.001771
2025-05-19 20:52:31,488 [INFO]  26500 |     0.002170 |     0.000287 |     0.000126 |     0.000002 |       0.001756
2025-05-19 20:52:36,491 [INFO]  26600 |     0.002153 |     0.000285 |     0.000125 |     0.000002 |       0.001740
2025-05-19 20:52:41,224 [INFO]  26700 |     0.002135 |     0.000283 |     0.000124 |     0.000002 |       0.001725
2025-05-19 20:52:46,676 [INFO]  26800 |     0.002117 |     0.000282 |     0.000123 |     0.000002 |       0.001710
2025-05-19 20:52:51,459 [INFO]  26900 |     0.002099 |     0.000280 |     0.000122 |     0.000002 |       0.001695
2025-05-19 20:52:54,988 [INFO]  27000 |     0.002081 |     0.000278 |     0.000121 |     0.000002 |       0.001680
2025-05-19 20:52:58,457 [INFO]  27100 |     0.002062 |     0.000277 |     0.000120 |     0.000002 |       0.001664
2025-05-19 20:53:01,838 [INFO]  27200 |     0.002044 |     0.000275 |     0.000119 |     0.000002 |       0.001649
2025-05-19 20:53:05,334 [INFO]  27300 |     0.002026 |     0.000273 |     0.000118 |     0.000002 |       0.001633
2025-05-19 20:53:09,575 [INFO]  27400 |     0.002007 |     0.000272 |     0.000117 |     0.000002 |       0.001617
2025-05-19 20:53:12,919 [INFO]  27500 |     0.001989 |     0.000270 |     0.000116 |     0.000002 |       0.001602
2025-05-19 20:53:16,507 [INFO]  27600 |     0.001970 |     0.000268 |     0.000114 |     0.000002 |       0.001586
2025-05-19 20:53:19,819 [INFO]  27700 |     0.001952 |     0.000267 |     0.000113 |     0.000002 |       0.001570
2025-05-19 20:53:23,264 [INFO]  27800 |     0.001933 |     0.000265 |     0.000112 |     0.000002 |       0.001554
2025-05-19 20:53:27,873 [INFO]  27900 |     0.001915 |     0.000263 |     0.000111 |     0.000002 |       0.001538
2025-05-19 20:53:33,237 [INFO]  28000 |     0.001896 |     0.000262 |     0.000110 |     0.000002 |       0.001523
2025-05-19 20:53:38,336 [INFO]  28100 |     0.001878 |     0.000260 |     0.000109 |     0.000002 |       0.001507
2025-05-19 20:53:42,487 [INFO]  28200 |     0.001859 |     0.000259 |     0.000108 |     0.000002 |       0.001491
2025-05-19 20:53:46,363 [INFO]  28300 |     0.001840 |     0.000257 |     0.000107 |     0.000002 |       0.001475
2025-05-19 20:53:50,263 [INFO]  28400 |     0.001822 |     0.000255 |     0.000106 |     0.000002 |       0.001459
2025-05-19 20:53:53,923 [INFO]  28500 |     0.001803 |     0.000254 |     0.000105 |     0.000002 |       0.001443
2025-05-19 20:53:57,039 [INFO]  28600 |     0.001785 |     0.000252 |     0.000104 |     0.000002 |       0.001427
2025-05-19 20:54:00,431 [INFO]  28700 |     0.001766 |     0.000250 |     0.000103 |     0.000002 |       0.001411
2025-05-19 20:54:03,745 [INFO]  28800 |     0.001748 |     0.000249 |     0.000101 |     0.000002 |       0.001395
2025-05-19 20:54:07,075 [INFO]  28900 |     0.001729 |     0.000247 |     0.000100 |     0.000002 |       0.001380
2025-05-19 20:54:10,342 [INFO]  29000 |     0.001710 |     0.000245 |     0.000099 |     0.000002 |       0.001364
2025-05-19 20:54:13,691 [INFO]  29100 |     0.001692 |     0.000243 |     0.000098 |     0.000003 |       0.001348
2025-05-19 20:54:16,817 [INFO]  29200 |     0.001673 |     0.000241 |     0.000097 |     0.000002 |       0.001332
2025-05-19 20:54:19,909 [INFO]  29300 |     0.001654 |     0.000239 |     0.000096 |     0.000002 |       0.001317
2025-05-19 20:54:22,987 [INFO]  29400 |     0.001635 |     0.000237 |     0.000095 |     0.000002 |       0.001301
2025-05-19 20:54:26,087 [INFO]  29500 |     0.001616 |     0.000235 |     0.000094 |     0.000002 |       0.001285
2025-05-19 20:54:29,178 [INFO]  29600 |     0.001597 |     0.000233 |     0.000093 |     0.000002 |       0.001270
2025-05-19 20:54:32,285 [INFO]  29700 |     0.001579 |     0.000231 |     0.000092 |     0.000002 |       0.001254
2025-05-19 20:54:35,380 [INFO]  29800 |     0.001560 |     0.000229 |     0.000091 |     0.000002 |       0.001239
2025-05-19 20:54:38,477 [INFO]  29900 |     0.001541 |     0.000227 |     0.000090 |     0.000002 |       0.001223
2025-05-19 20:54:41,538 [INFO]  30000 |     0.001523 |     0.000225 |     0.000089 |     0.000002 |       0.001208
2025-05-19 20:54:44,611 [INFO]  30100 |     0.001504 |     0.000223 |     0.000088 |     0.000001 |       0.001192
2025-05-19 20:54:47,674 [INFO]  30200 |     0.001486 |     0.000221 |     0.000087 |     0.000002 |       0.001177
2025-05-19 20:54:50,804 [INFO]  30300 |     0.001468 |     0.000219 |     0.000086 |     0.000002 |       0.001162
2025-05-19 20:54:53,879 [INFO]  30400 |     0.001450 |     0.000217 |     0.000085 |     0.000001 |       0.001147
2025-05-19 20:54:57,110 [INFO]  30500 |     0.001432 |     0.000215 |     0.000084 |     0.000002 |       0.001132
2025-05-19 20:55:00,234 [INFO]  30600 |     0.001415 |     0.000213 |     0.000083 |     0.000002 |       0.001117
2025-05-19 20:55:03,345 [INFO]  30700 |     0.001397 |     0.000211 |     0.000082 |     0.000002 |       0.001103
2025-05-19 20:55:06,412 [INFO]  30800 |     0.001380 |     0.000209 |     0.000081 |     0.000001 |       0.001088
2025-05-19 20:55:09,447 [INFO]  30900 |     0.001362 |     0.000207 |     0.000080 |     0.000001 |       0.001074
2025-05-19 20:55:12,544 [INFO]  31000 |     0.001346 |     0.000205 |     0.000079 |     0.000001 |       0.001060
2025-05-19 20:55:15,622 [INFO]  31100 |     0.001329 |     0.000203 |     0.000078 |     0.000001 |       0.001047
2025-05-19 20:55:18,672 [INFO]  31200 |     0.001313 |     0.000201 |     0.000077 |     0.000001 |       0.001033
2025-05-19 20:55:21,750 [INFO]  31300 |     0.001297 |     0.000199 |     0.000076 |     0.000001 |       0.001020
2025-05-19 20:55:24,867 [INFO]  31400 |     0.001281 |     0.000197 |     0.000075 |     0.000002 |       0.001007
2025-05-19 20:55:27,940 [INFO]  31500 |     0.001266 |     0.000195 |     0.000074 |     0.000001 |       0.000995
2025-05-19 20:55:31,847 [INFO]  31600 |     0.001251 |     0.000193 |     0.000073 |     0.000001 |       0.000982
2025-05-19 20:55:36,248 [INFO]  31700 |     0.001236 |     0.000191 |     0.000073 |     0.000002 |       0.000970
2025-05-19 20:55:40,941 [INFO]  31800 |     0.001221 |     0.000189 |     0.000072 |     0.000001 |       0.000958
2025-05-19 20:55:44,994 [INFO]  31900 |     0.001206 |     0.000187 |     0.000071 |     0.000001 |       0.000947
2025-05-19 20:55:49,200 [INFO]  32000 |     0.001192 |     0.000185 |     0.000070 |     0.000001 |       0.000935
2025-05-19 20:55:53,302 [INFO]  32100 |     0.001178 |     0.000183 |     0.000069 |     0.000001 |       0.000924
2025-05-19 20:55:57,299 [INFO]  32200 |     0.001164 |     0.000181 |     0.000068 |     0.000001 |       0.000913
2025-05-19 20:56:01,177 [INFO]  32300 |     0.001150 |     0.000179 |     0.000068 |     0.000001 |       0.000902
2025-05-19 20:56:05,043 [INFO]  32400 |     0.001137 |     0.000177 |     0.000067 |     0.000001 |       0.000892
2025-05-19 20:56:08,813 [INFO]  32500 |     0.001123 |     0.000175 |     0.000066 |     0.000001 |       0.000882
2025-05-19 20:56:12,460 [INFO]  32600 |     0.001110 |     0.000172 |     0.000065 |     0.000001 |       0.000871
2025-05-19 20:56:16,212 [INFO]  32700 |     0.001097 |     0.000170 |     0.000064 |     0.000001 |       0.000861
2025-05-19 20:56:21,025 [INFO]  32800 |     0.001085 |     0.000168 |     0.000064 |     0.000001 |       0.000852
2025-05-19 20:56:25,641 [INFO]  32900 |     0.001072 |     0.000166 |     0.000063 |     0.000001 |       0.000842
2025-05-19 20:56:30,187 [INFO]  33000 |     0.001060 |     0.000164 |     0.000062 |     0.000001 |       0.000833
2025-05-19 20:56:34,818 [INFO]  33100 |     0.001048 |     0.000162 |     0.000061 |     0.000001 |       0.000823
2025-05-19 20:56:39,318 [INFO]  33200 |     0.001036 |     0.000160 |     0.000061 |     0.000001 |       0.000814
2025-05-19 20:56:43,642 [INFO]  33300 |     0.001025 |     0.000158 |     0.000060 |     0.000002 |       0.000805
2025-05-19 20:56:48,069 [INFO]  33400 |     0.001012 |     0.000156 |     0.000059 |     0.000001 |       0.000796
2025-05-19 20:56:52,706 [INFO]  33500 |     0.001002 |     0.000154 |     0.000059 |     0.000002 |       0.000787
2025-05-19 20:56:57,343 [INFO]  33600 |     0.000990 |     0.000152 |     0.000058 |     0.000001 |       0.000779
2025-05-19 20:57:01,929 [INFO]  33700 |     0.000979 |     0.000150 |     0.000057 |     0.000001 |       0.000770
2025-05-19 20:57:06,413 [INFO]  33800 |     0.000968 |     0.000148 |     0.000057 |     0.000001 |       0.000762
2025-05-19 20:57:10,997 [INFO]  33900 |     0.000957 |     0.000146 |     0.000056 |     0.000001 |       0.000754
2025-05-19 20:57:15,357 [INFO]  34000 |     0.000946 |     0.000144 |     0.000055 |     0.000001 |       0.000745
2025-05-19 20:57:20,459 [INFO]  34100 |     0.000936 |     0.000142 |     0.000055 |     0.000001 |       0.000737
2025-05-19 20:57:24,544 [INFO]  34200 |     0.000925 |     0.000141 |     0.000054 |     0.000001 |       0.000729
2025-05-19 20:57:28,538 [INFO]  34300 |     0.000915 |     0.000139 |     0.000054 |     0.000001 |       0.000721
2025-05-19 20:57:32,412 [INFO]  34400 |     0.000905 |     0.000137 |     0.000053 |     0.000001 |       0.000714
2025-05-19 20:57:36,287 [INFO]  34500 |     0.000895 |     0.000136 |     0.000052 |     0.000001 |       0.000706
2025-05-19 20:57:40,118 [INFO]  34600 |     0.000885 |     0.000134 |     0.000052 |     0.000001 |       0.000698
2025-05-19 20:57:43,801 [INFO]  34700 |     0.000875 |     0.000132 |     0.000051 |     0.000001 |       0.000690
2025-05-19 20:57:47,654 [INFO]  34800 |     0.000866 |     0.000131 |     0.000051 |     0.000001 |       0.000683
2025-05-19 20:57:51,742 [INFO]  34900 |     0.000856 |     0.000129 |     0.000050 |     0.000001 |       0.000675
2025-05-19 20:57:56,684 [INFO]  35000 |     0.000847 |     0.000128 |     0.000050 |     0.000001 |       0.000668
2025-05-19 20:58:01,452 [INFO]  35100 |     0.000837 |     0.000127 |     0.000049 |     0.000001 |       0.000661
2025-05-19 20:58:06,431 [INFO]  35200 |     0.000828 |     0.000125 |     0.000049 |     0.000001 |       0.000653
2025-05-19 20:58:11,130 [INFO]  35300 |     0.000819 |     0.000124 |     0.000048 |     0.000001 |       0.000646
2025-05-19 20:58:15,094 [INFO]  35400 |     0.000810 |     0.000122 |     0.000048 |     0.000001 |       0.000639
2025-05-19 20:58:18,909 [INFO]  35500 |     0.000801 |     0.000121 |     0.000047 |     0.000001 |       0.000632
2025-05-19 20:58:22,987 [INFO]  35600 |     0.000792 |     0.000120 |     0.000047 |     0.000001 |       0.000625
2025-05-19 20:58:27,133 [INFO]  35700 |     0.000784 |     0.000119 |     0.000046 |     0.000001 |       0.000618
2025-05-19 20:58:31,312 [INFO]  35800 |     0.000775 |     0.000118 |     0.000045 |     0.000001 |       0.000611
2025-05-19 20:58:35,381 [INFO]  35900 |     0.000766 |     0.000116 |     0.000045 |     0.000001 |       0.000604
2025-05-19 20:58:39,406 [INFO]  36000 |     0.000758 |     0.000115 |     0.000045 |     0.000001 |       0.000597
2025-05-19 20:58:42,919 [INFO]  36100 |     0.000749 |     0.000114 |     0.000044 |     0.000001 |       0.000590
2025-05-19 20:58:47,019 [INFO]  36200 |     0.000741 |     0.000113 |     0.000044 |     0.000001 |       0.000584
2025-05-19 20:58:51,052 [INFO]  36300 |     0.000733 |     0.000112 |     0.000043 |     0.000001 |       0.000577
2025-05-19 20:58:55,228 [INFO]  36400 |     0.000725 |     0.000111 |     0.000043 |     0.000001 |       0.000570
2025-05-19 20:58:59,322 [INFO]  36500 |     0.000718 |     0.000110 |     0.000042 |     0.000002 |       0.000564
2025-05-19 20:59:03,217 [INFO]  36600 |     0.000709 |     0.000109 |     0.000042 |     0.000001 |       0.000557
2025-05-19 20:59:07,164 [INFO]  36700 |     0.000701 |     0.000108 |     0.000041 |     0.000001 |       0.000551
2025-05-19 20:59:11,219 [INFO]  36800 |     0.000693 |     0.000107 |     0.000041 |     0.000001 |       0.000544
2025-05-19 20:59:16,107 [INFO]  36900 |     0.000685 |     0.000107 |     0.000040 |     0.000001 |       0.000538
2025-05-19 20:59:21,321 [INFO]  37000 |     0.000678 |     0.000106 |     0.000040 |     0.000001 |       0.000532
2025-05-19 20:59:25,412 [INFO]  37100 |     0.000671 |     0.000105 |     0.000039 |     0.000002 |       0.000525
2025-05-19 20:59:28,799 [INFO]  37200 |     0.000663 |     0.000104 |     0.000039 |     0.000001 |       0.000519
2025-05-19 20:59:32,166 [INFO]  37300 |     0.000656 |     0.000103 |     0.000039 |     0.000001 |       0.000513
2025-05-19 20:59:35,576 [INFO]  37400 |     0.000648 |     0.000103 |     0.000038 |     0.000001 |       0.000507
2025-05-19 20:59:39,034 [INFO]  37500 |     0.000641 |     0.000102 |     0.000038 |     0.000001 |       0.000500
2025-05-19 20:59:42,625 [INFO]  37600 |     0.000634 |     0.000101 |     0.000037 |     0.000001 |       0.000494
2025-05-19 20:59:46,090 [INFO]  37700 |     0.000628 |     0.000100 |     0.000037 |     0.000002 |       0.000489
2025-05-19 20:59:49,598 [INFO]  37800 |     0.000620 |     0.000100 |     0.000036 |     0.000001 |       0.000483
2025-05-19 20:59:53,126 [INFO]  37900 |     0.000613 |     0.000099 |     0.000036 |     0.000001 |       0.000477
2025-05-19 20:59:56,481 [INFO]  38000 |     0.000606 |     0.000099 |     0.000036 |     0.000001 |       0.000471
2025-05-19 20:59:59,840 [INFO]  38100 |     0.000599 |     0.000098 |     0.000035 |     0.000001 |       0.000465
2025-05-19 21:00:03,902 [INFO]  38200 |     0.000592 |     0.000097 |     0.000035 |     0.000001 |       0.000459
2025-05-19 21:00:08,693 [INFO]  38300 |     0.000586 |     0.000097 |     0.000034 |     0.000001 |       0.000454
2025-05-19 21:00:13,106 [INFO]  38400 |     0.000580 |     0.000096 |     0.000034 |     0.000001 |       0.000449
2025-05-19 21:00:17,491 [INFO]  38500 |     0.000573 |     0.000096 |     0.000034 |     0.000001 |       0.000443
2025-05-19 21:00:22,847 [INFO]  38600 |     0.000566 |     0.000095 |     0.000033 |     0.000001 |       0.000437
2025-05-19 21:00:27,659 [INFO]  38700 |     0.000560 |     0.000095 |     0.000033 |     0.000001 |       0.000432
2025-05-19 21:00:32,130 [INFO]  38800 |     0.000554 |     0.000094 |     0.000032 |     0.000001 |       0.000426
2025-05-19 21:00:36,632 [INFO]  38900 |     0.000547 |     0.000093 |     0.000032 |     0.000001 |       0.000421
2025-05-19 21:00:41,037 [INFO]  39000 |     0.000541 |     0.000093 |     0.000032 |     0.000001 |       0.000416
2025-05-19 21:00:46,016 [INFO]  39100 |     0.000536 |     0.000092 |     0.000031 |     0.000002 |       0.000411
2025-05-19 21:00:51,167 [INFO]  39200 |     0.000529 |     0.000092 |     0.000031 |     0.000001 |       0.000406
2025-05-19 21:00:55,819 [INFO]  39300 |     0.000523 |     0.000091 |     0.000031 |     0.000001 |       0.000400
2025-05-19 21:00:59,756 [INFO]  39400 |     0.000517 |     0.000091 |     0.000030 |     0.000001 |       0.000395
2025-05-19 21:01:03,648 [INFO]  39500 |     0.000511 |     0.000090 |     0.000030 |     0.000001 |       0.000390
2025-05-19 21:01:07,608 [INFO]  39600 |     0.000505 |     0.000090 |     0.000029 |     0.000001 |       0.000385
2025-05-19 21:01:11,590 [INFO]  39700 |     0.000500 |     0.000089 |     0.000029 |     0.000001 |       0.000381
2025-05-19 21:01:15,603 [INFO]  39800 |     0.000494 |     0.000089 |     0.000029 |     0.000001 |       0.000376
2025-05-19 21:01:19,637 [INFO]  39900 |     0.000489 |     0.000088 |     0.000028 |     0.000001 |       0.000371
2025-05-19 21:01:23,696 [INFO]  40000 |     0.000483 |     0.000088 |     0.000028 |     0.000001 |       0.000366
2025-05-19 21:01:27,825 [INFO]  40100 |     0.000477 |     0.000087 |     0.000028 |     0.000001 |       0.000361
2025-05-19 21:01:31,741 [INFO]  40200 |     0.000472 |     0.000087 |     0.000027 |     0.000001 |       0.000357
2025-05-19 21:01:35,615 [INFO]  40300 |     0.000466 |     0.000086 |     0.000027 |     0.000001 |       0.000352
2025-05-19 21:01:39,446 [INFO]  40400 |     0.000461 |     0.000086 |     0.000027 |     0.000001 |       0.000348
2025-05-19 21:01:43,810 [INFO]  40500 |     0.000455 |     0.000085 |     0.000026 |     0.000001 |       0.000343
2025-05-19 21:01:48,465 [INFO]  40600 |     0.000450 |     0.000085 |     0.000026 |     0.000001 |       0.000339
2025-05-19 21:01:53,029 [INFO]  40700 |     0.000445 |     0.000084 |     0.000026 |     0.000001 |       0.000334
2025-05-19 21:01:58,369 [INFO]  40800 |     0.000440 |     0.000084 |     0.000025 |     0.000001 |       0.000330
2025-05-19 21:02:02,585 [INFO]  40900 |     0.000434 |     0.000083 |     0.000025 |     0.000001 |       0.000325
2025-05-19 21:02:06,333 [INFO]  41000 |     0.000429 |     0.000083 |     0.000025 |     0.000001 |       0.000321
2025-05-19 21:02:10,073 [INFO]  41100 |     0.000424 |     0.000082 |     0.000024 |     0.000001 |       0.000317
2025-05-19 21:02:13,783 [INFO]  41200 |     0.000419 |     0.000082 |     0.000024 |     0.000001 |       0.000312
2025-05-19 21:02:17,571 [INFO]  41300 |     0.000414 |     0.000081 |     0.000024 |     0.000001 |       0.000308
2025-05-19 21:02:21,298 [INFO]  41400 |     0.000410 |     0.000081 |     0.000024 |     0.000001 |       0.000304
2025-05-19 21:02:25,232 [INFO]  41500 |     0.000404 |     0.000080 |     0.000023 |     0.000001 |       0.000300
2025-05-19 21:02:28,992 [INFO]  41600 |     0.000399 |     0.000080 |     0.000023 |     0.000001 |       0.000296
2025-05-19 21:02:32,736 [INFO]  41700 |     0.000394 |     0.000079 |     0.000023 |     0.000001 |       0.000292
2025-05-19 21:02:36,460 [INFO]  41800 |     0.000390 |     0.000079 |     0.000022 |     0.000001 |       0.000288
2025-05-19 21:02:40,137 [INFO]  41900 |     0.000385 |     0.000078 |     0.000022 |     0.000001 |       0.000284
2025-05-19 21:02:44,068 [INFO]  42000 |     0.000380 |     0.000077 |     0.000022 |     0.000001 |       0.000280
2025-05-19 21:02:47,955 [INFO]  42100 |     0.000375 |     0.000077 |     0.000022 |     0.000001 |       0.000276
2025-05-19 21:02:52,126 [INFO]  42200 |     0.000371 |     0.000076 |     0.000021 |     0.000001 |       0.000272
2025-05-19 21:02:55,911 [INFO]  42300 |     0.000366 |     0.000076 |     0.000021 |     0.000001 |       0.000268
2025-05-19 21:02:59,081 [INFO]  42400 |     0.000361 |     0.000075 |     0.000021 |     0.000001 |       0.000265
2025-05-19 21:03:02,171 [INFO]  42500 |     0.000357 |     0.000075 |     0.000020 |     0.000001 |       0.000261
2025-05-19 21:03:05,215 [INFO]  42600 |     0.000352 |     0.000074 |     0.000020 |     0.000001 |       0.000257
2025-05-19 21:03:08,307 [INFO]  42700 |     0.000348 |     0.000073 |     0.000020 |     0.000001 |       0.000254
2025-05-19 21:03:11,524 [INFO]  42800 |     0.000343 |     0.000073 |     0.000020 |     0.000001 |       0.000250
2025-05-19 21:03:14,547 [INFO]  42900 |     0.000339 |     0.000072 |     0.000020 |     0.000001 |       0.000246
2025-05-19 21:03:17,581 [INFO]  43000 |     0.000335 |     0.000072 |     0.000019 |     0.000001 |       0.000243
2025-05-19 21:03:20,617 [INFO]  43100 |     0.000330 |     0.000071 |     0.000019 |     0.000001 |       0.000239
2025-05-19 21:03:23,671 [INFO]  43200 |     0.000326 |     0.000071 |     0.000019 |     0.000001 |       0.000236
2025-05-19 21:03:26,738 [INFO]  43300 |     0.000322 |     0.000070 |     0.000019 |     0.000001 |       0.000232
2025-05-19 21:03:29,842 [INFO]  43400 |     0.000318 |     0.000069 |     0.000018 |     0.000001 |       0.000229
2025-05-19 21:03:32,998 [INFO]  43500 |     0.000313 |     0.000069 |     0.000018 |     0.000001 |       0.000226
2025-05-19 21:03:36,039 [INFO]  43600 |     0.000309 |     0.000068 |     0.000018 |     0.000001 |       0.000222
2025-05-19 21:03:39,374 [INFO]  43700 |     0.000305 |     0.000068 |     0.000018 |     0.000001 |       0.000219
2025-05-19 21:03:43,510 [INFO]  43800 |     0.000302 |     0.000067 |     0.000017 |     0.000002 |       0.000216
2025-05-19 21:03:47,555 [INFO]  43900 |     0.000297 |     0.000067 |     0.000017 |     0.000001 |       0.000212
2025-05-19 21:03:52,472 [INFO]  44000 |     0.000293 |     0.000066 |     0.000017 |     0.000001 |       0.000209
2025-05-19 21:03:56,683 [INFO]  44100 |     0.000289 |     0.000066 |     0.000017 |     0.000001 |       0.000206
2025-05-19 21:04:00,965 [INFO]  44200 |     0.000285 |     0.000065 |     0.000016 |     0.000001 |       0.000203
2025-05-19 21:04:04,750 [INFO]  44300 |     0.000281 |     0.000065 |     0.000016 |     0.000001 |       0.000200
2025-05-19 21:04:08,360 [INFO]  44400 |     0.000277 |     0.000064 |     0.000016 |     0.000001 |       0.000197
2025-05-19 21:04:11,855 [INFO]  44500 |     0.000274 |     0.000064 |     0.000016 |     0.000001 |       0.000194
2025-05-19 21:04:15,840 [INFO]  44600 |     0.000270 |     0.000063 |     0.000016 |     0.000001 |       0.000191
2025-05-19 21:04:19,686 [INFO]  44700 |     0.000266 |     0.000062 |     0.000015 |     0.000001 |       0.000188
2025-05-19 21:04:23,633 [INFO]  44800 |     0.000263 |     0.000062 |     0.000015 |     0.000001 |       0.000185
2025-05-19 21:04:27,303 [INFO]  44900 |     0.000259 |     0.000061 |     0.000015 |     0.000001 |       0.000182
2025-05-19 21:04:30,402 [INFO]  45000 |     0.000255 |     0.000061 |     0.000015 |     0.000001 |       0.000179
2025-05-19 21:04:33,776 [INFO]  45100 |     0.000252 |     0.000060 |     0.000015 |     0.000001 |       0.000176
2025-05-19 21:04:37,297 [INFO]  45200 |     0.000248 |     0.000060 |     0.000014 |     0.000001 |       0.000173
2025-05-19 21:04:41,410 [INFO]  45300 |     0.000245 |     0.000059 |     0.000014 |     0.000001 |       0.000171
2025-05-19 21:04:45,748 [INFO]  45400 |     0.000242 |     0.000059 |     0.000014 |     0.000001 |       0.000168
2025-05-19 21:04:49,967 [INFO]  45500 |     0.000239 |     0.000059 |     0.000014 |     0.000001 |       0.000165
2025-05-19 21:04:53,788 [INFO]  45600 |     0.000235 |     0.000058 |     0.000014 |     0.000001 |       0.000163
2025-05-19 21:04:57,720 [INFO]  45700 |     0.000232 |     0.000058 |     0.000014 |     0.000001 |       0.000160
2025-05-19 21:05:01,848 [INFO]  45800 |     0.000229 |     0.000057 |     0.000013 |     0.000001 |       0.000157
2025-05-19 21:05:05,654 [INFO]  45900 |     0.000225 |     0.000057 |     0.000013 |     0.000001 |       0.000155
2025-05-19 21:05:09,358 [INFO]  46000 |     0.000222 |     0.000056 |     0.000013 |     0.000001 |       0.000152
2025-05-19 21:05:13,265 [INFO]  46100 |     0.000220 |     0.000056 |     0.000013 |     0.000002 |       0.000150
2025-05-19 21:05:17,291 [INFO]  46200 |     0.000216 |     0.000055 |     0.000013 |     0.000001 |       0.000147
2025-05-19 21:05:21,077 [INFO]  46300 |     0.000213 |     0.000055 |     0.000013 |     0.000001 |       0.000145
2025-05-19 21:05:25,335 [INFO]  46400 |     0.000211 |     0.000054 |     0.000012 |     0.000001 |       0.000143
2025-05-19 21:05:29,504 [INFO]  46500 |     0.000207 |     0.000054 |     0.000012 |     0.000001 |       0.000140
2025-05-19 21:05:33,603 [INFO]  46600 |     0.000204 |     0.000054 |     0.000012 |     0.000001 |       0.000138
2025-05-19 21:05:37,686 [INFO]  46700 |     0.000202 |     0.000053 |     0.000012 |     0.000001 |       0.000135
2025-05-19 21:05:41,897 [INFO]  46800 |     0.000199 |     0.000053 |     0.000012 |     0.000001 |       0.000133
2025-05-19 21:05:46,200 [INFO]  46900 |     0.000196 |     0.000052 |     0.000012 |     0.000001 |       0.000131
2025-05-19 21:05:50,120 [INFO]  47000 |     0.000193 |     0.000052 |     0.000012 |     0.000001 |       0.000129
2025-05-19 21:05:54,058 [INFO]  47100 |     0.000190 |     0.000052 |     0.000011 |     0.000001 |       0.000127
2025-05-19 21:05:58,169 [INFO]  47200 |     0.000188 |     0.000051 |     0.000011 |     0.000001 |       0.000125
2025-05-19 21:06:02,057 [INFO]  47300 |     0.000185 |     0.000051 |     0.000011 |     0.000001 |       0.000123
2025-05-19 21:06:05,874 [INFO]  47400 |     0.000183 |     0.000050 |     0.000011 |     0.000001 |       0.000120
2025-05-19 21:06:10,044 [INFO]  47500 |     0.000180 |     0.000050 |     0.000011 |     0.000001 |       0.000118
2025-05-19 21:06:14,070 [INFO]  47600 |     0.000177 |     0.000050 |     0.000011 |     0.000001 |       0.000116
2025-05-19 21:06:17,580 [INFO]  47700 |     0.000175 |     0.000049 |     0.000011 |     0.000001 |       0.000114
2025-05-19 21:06:20,932 [INFO]  47800 |     0.000173 |     0.000049 |     0.000010 |     0.000001 |       0.000113
2025-05-19 21:06:24,356 [INFO]  47900 |     0.000170 |     0.000049 |     0.000010 |     0.000001 |       0.000111
2025-05-19 21:06:27,748 [INFO]  48000 |     0.000168 |     0.000048 |     0.000010 |     0.000001 |       0.0001092025-05-21 10:19:48,272 [INFO] Inizio training
